Build started 10/8/2015 6:24:47 PM.
     1>Project "D:\Assets\C++\Projects\JK_Engine\JK_Engine\JK_Engine.vcxproj" on node 2 (Build target(s)).
     1>Link:
         C:\Program Files (x86)\Microsoft Visual Studio 14.0\VC\bin\x86_amd64\link.exe /ERRORREPORT:PROMPT /OUT:"D:\Assets\C++\Projects\JK_Engine\SandboxGame\x64\Release\JK_Engine.exe" /INCREMENTAL:NO /NOLOGO kernel32.lib user32.lib gdi32.lib winspool.lib comdlg32.lib advapi32.lib shell32.lib ole32.lib oleaut32.lib uuid.lib odbc32.lib odbccp32.lib /MANIFEST /MANIFESTUAC:"level='asInvoker' uiAccess='false'" /manifest:embed /Debug /PDB:"D:\Assets\C++\Projects\JK_Engine\SandboxGame\x64\Release\JK_Engine.pdb" /SUBSYSTEM:CONSOLE /OPT:REF /OPT:ICF /LTCG:incremental /TLBID:1 /DYNAMICBASE /NXCOMPAT /IMPLIB:"D:\Assets\C++\Projects\JK_Engine\SandboxGame\x64\Release\JK_Engine.lib" /MACHINE:X64 x64\Release\empty.obj
     1>MSVCRT.lib(exe_main.obj) : error LNK2001: unresolved external symbol main
     1>D:\Assets\C++\Projects\JK_Engine\SandboxGame\x64\Release\JK_Engine.exe : fatal error LNK1120: 1 unresolved externals
     1>Done Building Project "D:\Assets\C++\Projects\JK_Engine\JK_Engine\JK_Engine.vcxproj" (Build target(s)) -- FAILED.

Build FAILED.

Time Elapsed 00:00:00.06
